<?xml version="1.0" encoding="UTF-8"?>
<!-- Generated by org.testng.reporters.JUnitXMLReporter -->
<testsuite hostname="DESKTOP-RFFJ72B" ignored="0" name="Default test" tests="3" failures="0" timestamp="28 Oct 2018 10:28:11 GMT" time="157.063" errors="0">
  <testcase name="createLead" time="44.662" classname="testcase.CreateLead_TC"/>
  <testcase name="createLead" time="45.678" classname="testcase.CreateLead_TC"/>
  <testcase name="createLead" time="45.452" classname="testcase.CreateLead_TC"/>
</testsuite> <!-- Default test -->
