<?xml version="1.0" encoding="UTF-8"?>
<!-- Generated by org.testng.reporters.JUnitXMLReporter -->
<testsuite hostname="DESKTOP-RFFJ72B" ignored="0" name="TestNGGroups" tests="4" failures="0" timestamp="25 Oct 2018 16:12:55 GMT" time="80.133" errors="0">
  <testcase name="deletelead" time="29.316" classname="testCases.TC003DeleteLead"/>
  <testcase name="createLead" time="16.209" classname="testCases.TC001CreateLead"/>
  <testcase name="mergelead" time="18.641" classname="testCases.TC004MergeLead"/>
  <testcase name="editlead" time="15.9" classname="testCases.TC002EditLead"/>
</testsuite> <!-- TestNGGroups -->
