<?xml version="1.0" encoding="UTF-8"?>
<!-- Generated by org.testng.reporters.JUnitXMLReporter -->
<testsuite hostname="DESKTOP-RFFJ72B" ignored="0" name="Test" tests="1" failures="1" timestamp="28 Oct 2018 10:34:58 GMT" time="26.831" errors="0">
  <testcase name="createLead" time="18.663" classname="testcase.CreateLead_TC">
    <failure type="java.lang.NullPointerException">
      <![CDATA[java.lang.NullPointerException
at org.openqa.selenium.support.pagefactory.internal.LocatingElementHandler.invoke(LocatingElementHandler.java:51)
at com.sun.proxy.$Proxy15.toString(Unknown Source)
at java.lang.String.valueOf(Unknown Source)
at java.lang.StringBuilder.append(Unknown Source)
at learnwdmethodsfinal.SeMethods.click(SeMethods.java:83)
at pages.Home_Page.clickCrmsfa(Home_Page.java:25)
at testcase.CreateLead_TC.createLead(CreateLead_TC.java:32)
... Removed 29 stack frames]]>
    </failure>
  </testcase> <!-- createLead -->
</testsuite> <!-- Test -->
