<?xml version="1.0" encoding="UTF-8"?>
<testng-results skipped="0" failed="1" ignored="0" total="1" passed="0">
  <reporter-output>
  </reporter-output>
  <suite name="Suite" duration-ms="26831" started-at="2018-10-28T10:34:31Z" finished-at="2018-10-28T10:34:58Z">
    <groups>
    </groups>
    <test name="Test" duration-ms="26831" started-at="2018-10-28T10:34:31Z" finished-at="2018-10-28T10:34:58Z">
      <class name="testcase.CreateLead_TC">
        <test-method status="PASS" signature="startResult()[pri:0, instance:testcase.CreateLead_TC@5383967b]" name="startResult" is-config="true" duration-ms="254" started-at="2018-10-28T10:34:31Z" finished-at="2018-10-28T10:34:31Z">
          <reporter-output>
          </reporter-output>
        </test-method> <!-- startResult -->
        <test-method status="PASS" signature="setData()[pri:0, instance:testcase.CreateLead_TC@5383967b]" name="setData" is-config="true" duration-ms="1" started-at="2018-10-28T10:34:31Z" finished-at="2018-10-28T10:34:31Z">
          <reporter-output>
          </reporter-output>
        </test-method> <!-- setData -->
        <test-method status="PASS" signature="beforeMethod()[pri:0, instance:testcase.CreateLead_TC@5383967b]" name="beforeMethod" is-config="true" duration-ms="19" started-at="2018-10-28T10:34:32Z" finished-at="2018-10-28T10:34:32Z">
          <reporter-output>
          </reporter-output>
        </test-method> <!-- beforeMethod -->
        <test-method status="PASS" signature="login()[pri:0, instance:testcase.CreateLead_TC@5383967b]" name="login" is-config="true" duration-ms="7418" started-at="2018-10-28T10:34:32Z" finished-at="2018-10-28T10:34:39Z">
          <reporter-output>
          </reporter-output>
        </test-method> <!-- login -->
        <test-method status="FAIL" signature="createLead(java.lang.String, java.lang.String, java.lang.String, java.lang.String, java.lang.String, java.lang.String, java.lang.String)[pri:0, instance:testcase.CreateLead_TC@5383967b]" name="createLead" duration-ms="18663" started-at="2018-10-28T10:34:39Z" data-provider="fetchData" finished-at="2018-10-28T10:34:58Z">
          <params>
            <param index="0">
              <value>
                <![CDATA[demosalesmanager]]>
              </value>
            </param>
            <param index="1">
              <value>
                <![CDATA[crmsfa]]>
              </value>
            </param>
            <param index="2">
              <value>
                <![CDATA[TestLeaf]]>
              </value>
            </param>
            <param index="3">
              <value>
                <![CDATA[Ashraf]]>
              </value>
            </param>
            <param index="4">
              <value>
                <![CDATA[S]]>
              </value>
            </param>
            <param index="5">
              <value>
                <![CDATA[ashraf@testleaf.com]]>
              </value>
            </param>
            <param index="6">
              <value>
                <![CDATA[97512154612]]>
              </value>
            </param>
          </params>
          <exception class="java.lang.NullPointerException">
            <full-stacktrace>
              <![CDATA[java.lang.NullPointerException
at sun.reflect.NativeMethodAccessorImpl.invoke0(Native Method)
at sun.reflect.NativeMethodAccessorImpl.invoke(Unknown Source)
at sun.reflect.DelegatingMethodAccessorImpl.invoke(Unknown Source)
at java.lang.reflect.Method.invoke(Unknown Source)
at org.openqa.selenium.support.pagefactory.internal.LocatingElementHandler.invoke(LocatingElementHandler.java:51)
at com.sun.proxy.$Proxy15.toString(Unknown Source)
at java.lang.String.valueOf(Unknown Source)
at java.lang.StringBuilder.append(Unknown Source)
at learnwdmethodsfinal.SeMethods.click(SeMethods.java:83)
at pages.Home_Page.clickCrmsfa(Home_Page.java:25)
at testcase.CreateLead_TC.createLead(CreateLead_TC.java:32)
at sun.reflect.NativeMethodAccessorImpl.invoke0(Native Method)
at sun.reflect.NativeMethodAccessorImpl.invoke(Unknown Source)
at sun.reflect.DelegatingMethodAccessorImpl.invoke(Unknown Source)
at java.lang.reflect.Method.invoke(Unknown Source)
at org.testng.internal.MethodInvocationHelper.invokeMethod(MethodInvocationHelper.java:124)
at org.testng.internal.Invoker.invokeMethod(Invoker.java:580)
at org.testng.internal.Invoker.invokeTestMethod(Invoker.java:716)
at org.testng.internal.Invoker.invokeTestMethods(Invoker.java:988)
at org.testng.internal.TestMethodWorker.invokeTestMethods(TestMethodWorker.java:125)
at org.testng.internal.TestMethodWorker.run(TestMethodWorker.java:109)
at org.testng.TestRunner.privateRun(TestRunner.java:648)
at org.testng.TestRunner.run(TestRunner.java:505)
at org.testng.SuiteRunner.runTest(SuiteRunner.java:455)
at org.testng.SuiteRunner.runSequentially(SuiteRunner.java:450)
at org.testng.SuiteRunner.privateRun(SuiteRunner.java:415)
at org.testng.SuiteRunner.run(SuiteRunner.java:364)
at org.testng.SuiteRunnerWorker.runSuite(SuiteRunnerWorker.java:52)
at org.testng.SuiteRunnerWorker.run(SuiteRunnerWorker.java:84)
at org.testng.TestNG.runSuitesSequentially(TestNG.java:1208)
at org.testng.TestNG.runSuitesLocally(TestNG.java:1137)
at org.testng.TestNG.runSuites(TestNG.java:1049)
at org.testng.TestNG.run(TestNG.java:1017)
at org.testng.remote.AbstractRemoteTestNG.run(AbstractRemoteTestNG.java:114)
at org.testng.remote.RemoteTestNG.initAndRun(RemoteTestNG.java:251)
at org.testng.remote.RemoteTestNG.main(RemoteTestNG.java:77)
]]>
            </full-stacktrace>
          </exception> <!-- java.lang.NullPointerException -->
          <reporter-output>
          </reporter-output>
        </test-method> <!-- createLead -->
        <test-method status="PASS" signature="afterTest()[pri:0, instance:testcase.CreateLead_TC@5383967b]" name="afterTest" is-config="true" duration-ms="0" started-at="2018-10-28T10:34:58Z" finished-at="2018-10-28T10:34:58Z">
          <reporter-output>
          </reporter-output>
        </test-method> <!-- afterTest -->
        <test-method status="PASS" signature="afterClass()[pri:0, instance:testcase.CreateLead_TC@5383967b]" name="afterClass" is-config="true" duration-ms="0" started-at="2018-10-28T10:34:58Z" finished-at="2018-10-28T10:34:58Z">
          <reporter-output>
          </reporter-output>
        </test-method> <!-- afterClass -->
        <test-method status="PASS" signature="closeApp()[pri:0, instance:testcase.CreateLead_TC@5383967b]" name="closeApp" is-config="true" duration-ms="0" started-at="2018-10-28T10:34:58Z" finished-at="2018-10-28T10:34:58Z">
          <reporter-output>
          </reporter-output>
        </test-method> <!-- closeApp -->
        <test-method status="PASS" signature="endResult()[pri:0, instance:testcase.CreateLead_TC@5383967b]" name="endResult" is-config="true" duration-ms="469" started-at="2018-10-28T10:34:58Z" finished-at="2018-10-28T10:34:58Z">
          <reporter-output>
          </reporter-output>
        </test-method> <!-- endResult -->
      </class> <!-- testcase.CreateLead_TC -->
    </test> <!-- Test -->
  </suite> <!-- Suite -->
</testng-results>
